Using pre-set license
Built from '2020.3/staging' branch; Version is '2020.3.14f1 (d0d1bb862f9d) revision 13685179'; Using compiler version '192528614'; Build Type 'Release'
OS: 'Windows 10 Home; OS build 19042.1237; Version 2009; 64bit' Language: 'en' Physical Memory: 16223 MB
BatchMode: 1, IsHumanControllingUs: 0, StartBugReporterOnCrash: 0, Is64bit: 1, IsPro: 0

 COMMAND LINE ARGUMENTS:
C:\Program Files\Unity\Hub\Editor\2020.3.14f1\Editor\Unity.exe
-adb2
-batchMode
-noUpm
-name
AssetImportWorker0
-projectPath
C:/Users/jonah/Documents/GitHub/HappyHunting
-logFile
Logs/AssetImportWorker0.log
-srvPort
60948
Successfully changed project path to: C:/Users/jonah/Documents/GitHub/HappyHunting
C:/Users/jonah/Documents/GitHub/HappyHunting
Using Asset Import Pipeline V2.
Refreshing native plugins compatible for Editor in 34.23 ms, found 3 plugins.
Preloading 0 native plugins for Editor in 0.00 ms.
Initialize engine version: 2020.3.14f1 (d0d1bb862f9d)
[Subsystems] Discovering subsystems at path C:/Program Files/Unity/Hub/Editor/2020.3.14f1/Editor/Data/Resources/UnitySubsystems
[Subsystems] Discovering subsystems at path C:/Users/jonah/Documents/GitHub/HappyHunting/Assets
GfxDevice: creating device client; threaded=0
Direct3D:
    Version:  Direct3D 11.0 [level 11.1]
    Renderer: NVIDIA GeForce RTX 2060 with Max-Q Design (ID=0x1f12)
    Vendor:   
    VRAM:     5980 MB
    Driver:   30.0.14.7196
Initialize mono
Mono path[0] = 'C:/Program Files/Unity/Hub/Editor/2020.3.14f1/Editor/Data/Managed'
Mono path[1] = 'C:/Program Files/Unity/Hub/Editor/2020.3.14f1/Editor/Data/MonoBleedingEdge/lib/mono/unityjit'
Mono config path = 'C:/Program Files/Unity/Hub/Editor/2020.3.14f1/Editor/Data/MonoBleedingEdge/etc'
Using monoOptions --debugger-agent=transport=dt_socket,embedding=1,server=y,suspend=n,address=127.0.0.1:56136
Begin MonoManager ReloadAssembly
Registering precompiled unity dll's ...
Register platform support module: C:/Program Files/Unity/Hub/Editor/2020.3.14f1/Editor/Data/PlaybackEngines/WindowsStandaloneSupport/UnityEditor.WindowsStandalone.Extensions.dll
Registered in 0.001836 seconds.
Native extension for WindowsStandalone target not found
Refreshing native plugins compatible for Editor in 32.78 ms, found 3 plugins.
Preloading 0 native plugins for Editor in 0.00 ms.
Mono: successfully reloaded assembly
- Completed reload, in  0.895 seconds
Domain Reload Profiling:
	ReloadAssembly (896ms)
		BeginReloadAssembly (46ms)
			ExecutionOrderSort (0ms)
			DisableScriptedObjects (0ms)
			BackupInstance (0ms)
			ReleaseScriptingObjects (0ms)
			CreateAndSetChildDomain (1ms)
		EndReloadAssembly (347ms)
			LoadAssemblies (43ms)
			RebuildTransferFunctionScriptingTraits (0ms)
			SetupTypeCache (125ms)
			ReleaseScriptCaches (0ms)
			RebuildScriptCaches (25ms)
			SetupLoadedEditorAssemblies (135ms)
				LogAssemblyErrors (0ms)
				InitializePlatformSupportModulesInManaged (3ms)
				SetLoadedEditorAssemblies (0ms)
				RefreshPlugins (33ms)
				BeforeProcessingInitializeOnLoad (6ms)
				ProcessInitializeOnLoadAttributes (70ms)
				ProcessInitializeOnLoadMethodAttributes (23ms)
				AfterProcessingInitializeOnLoad (0ms)
				EditorAssembliesLoaded (0ms)
			ExecutionOrderSort2 (0ms)
			AwakeInstancesAfterBackupRestoration (0ms)
Platform modules already initialized, skipping
Registering precompiled user dll's ...
Registered in 0.004322 seconds.
Begin MonoManager ReloadAssembly
Native extension for WindowsStandalone target not found
Refreshing native plugins compatible for Editor in 33.43 ms, found 3 plugins.
Preloading 0 native plugins for Editor in 0.00 ms.
Mono: successfully reloaded assembly
- Completed reload, in  0.932 seconds
Domain Reload Profiling:
	ReloadAssembly (933ms)
		BeginReloadAssembly (120ms)
			ExecutionOrderSort (0ms)
			DisableScriptedObjects (4ms)
			BackupInstance (0ms)
			ReleaseScriptingObjects (0ms)
			CreateAndSetChildDomain (14ms)
		EndReloadAssembly (757ms)
			LoadAssemblies (76ms)
			RebuildTransferFunctionScriptingTraits (0ms)
			SetupTypeCache (247ms)
			ReleaseScriptCaches (0ms)
			RebuildScriptCaches (41ms)
			SetupLoadedEditorAssemblies (281ms)
				LogAssemblyErrors (0ms)
				InitializePlatformSupportModulesInManaged (3ms)
				SetLoadedEditorAssemblies (0ms)
				RefreshPlugins (33ms)
				BeforeProcessingInitializeOnLoad (56ms)
				ProcessInitializeOnLoadAttributes (171ms)
				ProcessInitializeOnLoadMethodAttributes (10ms)
				AfterProcessingInitializeOnLoad (7ms)
				EditorAssembliesLoaded (0ms)
			ExecutionOrderSort2 (0ms)
			AwakeInstancesAfterBackupRestoration (6ms)
Platform modules already initialized, skipping
========================================================================
Worker process is ready to serve import requests
Launched and connected shader compiler UnityShaderCompiler.exe after 0.05 seconds
Refreshing native plugins compatible for Editor in 0.72 ms, found 3 plugins.
Preloading 0 native plugins for Editor in 0.00 ms.
Unloading 2091 Unused Serialized files (Serialized files now loaded: 0)
System memory in use before: 93.0 MB.
System memory in use after: 93.1 MB.

Unloading 28 unused Assets to reduce memory usage. Loaded Objects now: 2530.
Total: 2.041900 ms (FindLiveObjects: 0.179100 ms CreateObjectMapping: 0.087500 ms MarkObjects: 1.723000 ms  DeleteObjects: 0.051400 ms)

AssetImportParameters requested are different than current active one (requested -> active):
  custom:framework-win-MediaFoundation: 216162199b28c13a410421893ffa2e32 -> 
  custom:video-decoder-ogg-theora: a1e56fd34408186e4bbccfd4996cb3dc -> 
  custom:container-muxer-webm: aa71ff27fc2769a1b78a27578f13a17b -> 
  custom:container-demuxer-webm: 4f35f7cbe854078d1ac9338744f61a02 -> 
  custom:container-demuxer-ogg: 62fdf1f143b41e24485cea50d1cbac27 -> 
  custom:video-encoder-webm-vp8: eb34c28f22e8b96e1ab97ce403110664 -> 
  custom:video-codec-MediaFoundation-h265: 746d11721c4dcdbdad8f713fa42b33f4 -> 
  custom:video-decoder-webm-vp8: 9c59270c3fd7afecdb556c50c9e8de78 -> 
  custom:audio-decoder-ogg-vorbis: bf7c407c2cedff20999df2af8eb42d56 -> 
  custom:audio-encoder-webm-vorbis: bf7c407c2cedff20999df2af8eb42d56 -> 
========================================================================
Received Import Request.
  path: Assets/Art/HappyHunting_Crosshair.png
  artifactKey: Guid(d0da527b4bf871b4c9d53ac77420663e) Importer(815301076,1909f56bfc062723c751e8b465ee728b)
Start importing Assets/Art/HappyHunting_Crosshair.png using Guid(d0da527b4bf871b4c9d53ac77420663e) Importer(815301076,1909f56bfc062723c751e8b465ee728b)  -> (artifact id: 'f9836de6084988279700ac7825c2ce4d') in 0.082700 seconds 
  Import took 0.085281 seconds .

========================================================================
Received Import Request.
  Time since last request: 0.000141 seconds.
  path: Assets/Art
  artifactKey: Guid(79597b614ab0bd641b2025e1cce0d475) Importer(815301076,1909f56bfc062723c751e8b465ee728b)
Start importing Assets/Art using Guid(79597b614ab0bd641b2025e1cce0d475) Importer(815301076,1909f56bfc062723c751e8b465ee728b)  -> (artifact id: '442b0643f3696dcf50aad39508a6ed53') in 0.002146 seconds 
  Import took 0.004317 seconds .

========================================================================
Received Import Request.
  Time since last request: 5.721174 seconds.
  path: Assets/Art/MicroGame_Characters_UI-08.png
  artifactKey: Guid(c6a16708710aa9c4fa27c497ec9b0e45) Importer(815301076,1909f56bfc062723c751e8b465ee728b)
Start importing Assets/Art/MicroGame_Characters_UI-08.png using Guid(c6a16708710aa9c4fa27c497ec9b0e45) Importer(815301076,1909f56bfc062723c751e8b465ee728b)  -> (artifact id: '74355d93c08a127be2758a289a62853e') in 0.018374 seconds 
  Import took 0.021255 seconds .

========================================================================
Received Import Request.
  Time since last request: 0.652806 seconds.
  path: Assets/Art/MicroGame_Characters_UI-06.png
  artifactKey: Guid(ba0f8cceb1103a443a36d65981eddccf) Importer(815301076,1909f56bfc062723c751e8b465ee728b)
Start importing Assets/Art/MicroGame_Characters_UI-06.png using Guid(ba0f8cceb1103a443a36d65981eddccf) Importer(815301076,1909f56bfc062723c751e8b465ee728b)  -> (artifact id: '1432a88006a6f084af0af09ed08f4aee') in 0.020377 seconds 
  Import took 0.023459 seconds .

========================================================================
Received Import Request.
  Time since last request: 0.684871 seconds.
  path: Assets/Art/MicroGame_Characters_UI-07.png
  artifactKey: Guid(7491fe3d7dcca584088ac4c5655e8aaf) Importer(815301076,1909f56bfc062723c751e8b465ee728b)
Start importing Assets/Art/MicroGame_Characters_UI-07.png using Guid(7491fe3d7dcca584088ac4c5655e8aaf) Importer(815301076,1909f56bfc062723c751e8b465ee728b)  -> (artifact id: '4bcfc41e4fc6ceae27a8c0cecd0d23a2') in 0.013427 seconds 
  Import took 0.016256 seconds .

========================================================================
Received Import Request.
  Time since last request: 0.000659 seconds.
  path: Assets/Art/MicroGame_Characters_UI-07.png
  artifactKey: Guid(7491fe3d7dcca584088ac4c5655e8aaf) Importer(815301076,1909f56bfc062723c751e8b465ee728b)
Start importing Assets/Art/MicroGame_Characters_UI-07.png using Guid(7491fe3d7dcca584088ac4c5655e8aaf) Importer(815301076,1909f56bfc062723c751e8b465ee728b)  -> (artifact id: '4bcfc41e4fc6ceae27a8c0cecd0d23a2') in 0.022225 seconds 
  Import took 0.025070 seconds .

========================================================================
Received Import Request.
  Time since last request: 1.068587 seconds.
  path: Assets/Art/MicroGame_Characters_UI-03.png
  artifactKey: Guid(cbf3684739120ce43a6bedf74c07df40) Importer(815301076,1909f56bfc062723c751e8b465ee728b)
Start importing Assets/Art/MicroGame_Characters_UI-03.png using Guid(cbf3684739120ce43a6bedf74c07df40) Importer(815301076,1909f56bfc062723c751e8b465ee728b)  -> (artifact id: 'da59c88178b1e218b6d72d4813a5fb61') in 0.012953 seconds 
  Import took 0.015832 seconds .

========================================================================
Received Import Request.
  Time since last request: 0.001342 seconds.
  path: Assets/Art/MicroGame_Characters_UI-03.png
  artifactKey: Guid(cbf3684739120ce43a6bedf74c07df40) Importer(815301076,1909f56bfc062723c751e8b465ee728b)
Start importing Assets/Art/MicroGame_Characters_UI-03.png using Guid(cbf3684739120ce43a6bedf74c07df40) Importer(815301076,1909f56bfc062723c751e8b465ee728b)  -> (artifact id: 'da59c88178b1e218b6d72d4813a5fb61') in 0.024658 seconds 
  Import took 0.027271 seconds .

========================================================================
Received Import Request.
  Time since last request: 0.839682 seconds.
  path: Assets/Art/MicroGame_Characters_UI-04.png
  artifactKey: Guid(5286557b6bb5daf48aeaa23cb350abd7) Importer(815301076,1909f56bfc062723c751e8b465ee728b)
Start importing Assets/Art/MicroGame_Characters_UI-04.png using Guid(5286557b6bb5daf48aeaa23cb350abd7) Importer(815301076,1909f56bfc062723c751e8b465ee728b)  -> (artifact id: '381bbccd8f5654f4caf3c67e75607f24') in 0.012098 seconds 
  Import took 0.014970 seconds .

========================================================================
Received Import Request.
  Time since last request: 0.906578 seconds.
  path: Assets/Art/MicroGame_Characters_UI-05.png
  artifactKey: Guid(3cbd639ebd2150d46b576872f4725887) Importer(815301076,1909f56bfc062723c751e8b465ee728b)
Start importing Assets/Art/MicroGame_Characters_UI-05.png using Guid(3cbd639ebd2150d46b576872f4725887) Importer(815301076,1909f56bfc062723c751e8b465ee728b)  -> (artifact id: '68d9b50ad51cfe59776f93d732c7d7e0') in 0.020064 seconds 
  Import took 0.023098 seconds .

